2011-05-07 13:02:00,568 INFO Starting analysis of Coffee dataset
2011-05-07 13:02:11,995 INFO Coffee | 1-NN Local Complexity Invariant DTW error rate: 21.428571%
2011-05-07 13:02:22,846 INFO Coffee | 1-NN Local and Global Complexity Invariant DTW error rate: 21.428571%
2011-05-07 13:02:22,860 INFO Starting analysis of Beef dataset
2011-05-07 13:02:52,696 INFO Beef | 1-NN Local Complexity Invariant DTW error rate: 43.333333%
2011-05-07 13:03:23,681 INFO Beef | 1-NN Local and Global Complexity Invariant DTW error rate: 43.333333%
2011-05-07 13:03:23,726 INFO Starting analysis of OliveOil dataset
2011-05-07 13:04:06,075 INFO OliveOil | 1-NN Local Complexity Invariant DTW error rate: 13.333333%
2011-05-07 13:04:48,307 INFO OliveOil | 1-NN Local and Global Complexity Invariant DTW error rate: 13.333333%
2011-05-07 13:04:48,353 INFO Starting analysis of Lighting2 dataset
2011-05-07 13:08:29,432 INFO Lighting2 | 1-NN Local Complexity Invariant DTW error rate: 21.311475%
2011-05-07 13:12:11,607 INFO Lighting2 | 1-NN Local and Global Complexity Invariant DTW error rate: 18.032787%
2011-05-07 13:12:11,795 INFO Starting analysis of Lighting7 dataset
2011-05-07 13:13:45,523 INFO Lighting7 | 1-NN Local Complexity Invariant DTW error rate: 28.767123%
2011-05-07 13:15:17,294 INFO Lighting7 | 1-NN Local and Global Complexity Invariant DTW error rate: 26.027397%
2011-05-07 13:15:17,316 INFO Starting analysis of FaceFour dataset
2011-05-07 13:16:00,494 INFO FaceFour | 1-NN Local Complexity Invariant DTW error rate: 10.227273%
2011-05-07 13:16:43,642 INFO FaceFour | 1-NN Local and Global Complexity Invariant DTW error rate: 12.500000%
2011-05-07 13:16:43,654 INFO Starting analysis of ECG200 dataset
2011-05-07 13:17:13,725 INFO ECG200 | 1-NN Local Complexity Invariant DTW error rate: 12.000000%
2011-05-07 13:17:42,770 INFO ECG200 | 1-NN Local and Global Complexity Invariant DTW error rate: 13.000000%
2011-05-07 13:17:43,179 INFO Starting analysis of Trace dataset
2011-05-07 13:20:13,070 INFO Trace | 1-NN Local Complexity Invariant DTW error rate: 1.000000%
2011-05-07 13:22:43,147 INFO Trace | 1-NN Local and Global Complexity Invariant DTW error rate: 1.000000%
2011-05-07 13:22:43,253 INFO Starting analysis of Gun_Point dataset
2011-05-07 13:23:24,996 INFO Gun_Point | 1-NN Local Complexity Invariant DTW error rate: 3.333333%
2011-05-07 13:24:05,531 INFO Gun_Point | 1-NN Local and Global Complexity Invariant DTW error rate: 4.666667%
2011-05-07 13:24:05,659 INFO Starting analysis of Fish dataset
2011-05-07 13:41:32,249 INFO Fish | 1-NN Local Complexity Invariant DTW error rate: 14.857143%
2011-05-07 13:58:34,517 INFO Fish | 1-NN Local and Global Complexity Invariant DTW error rate: 15.428571%
2011-05-07 13:58:34,649 INFO Starting analysis of OSULeaf dataset
2011-05-07 14:21:14,323 INFO OSULeaf | 1-NN Local Complexity Invariant DTW error rate: 38.429752%
2011-05-07 14:43:49,931 INFO OSULeaf | 1-NN Local and Global Complexity Invariant DTW error rate: 36.776860%
2011-05-07 14:43:50,299 INFO Starting analysis of Synthetic_control dataset
2011-05-07 14:46:17,466 INFO Synthetic_control | 1-NN Local Complexity Invariant DTW error rate: 6.000000%
2011-05-07 14:48:46,255 INFO Synthetic_control | 1-NN Local and Global Complexity Invariant DTW error rate: 3.333333%
2011-05-07 14:48:46,849 INFO Starting analysis of DiatomSizeReduction dataset
2011-05-07 14:50:21,434 INFO DiatomSizeReduction | 1-NN Local Complexity Invariant DTW error rate: 4.248366%
2011-05-07 14:51:54,765 INFO DiatomSizeReduction | 1-NN Local and Global Complexity Invariant DTW error rate: 4.248366%
